# JRE version: Java(TM) SE Runtime Environment (16.0.1+9) (build 16.0.1+9-24)
# Java VM: Java HotSpot(TM) 64-Bit Server VM (16.0.1+9-24, mixed mode, sharing, tiered, compressed oops, compressed class ptrs, g1 gc, windows-amd64)
GC Precious Log:
 CPUs: 16 total, 16 available
 Memory: 32486M
 Large Page Support: Disabled
 NUMA Support: Disabled
 Compressed Oops: Enabled (Zero based)
 Heap Region Size: 4M
 Heap Min Capacity: 8M
 Heap Initial Capacity: 508M
 Heap Max Capacity: 8124M
 Pre-touch: Disabled
 Parallel Workers: 13
 Concurrent Workers: 3
 Concurrent Refinement Workers: 13
 Periodic GC: Disabled
Heap:
 garbage-first heap   total 520192K, used 182957K [0x0000000604400000, 0x0000000800000000)
  region size 4096K, 45 young (184320K), 4 survivors (16384K)
 Metaspace       used 19742K, committed 20032K, reserved 1073152K
  class space    used 2648K, committed 2816K, reserved 1048576K
GC Heap History (12 events):
Event: 1.097 GC heap before
{Heap before GC invocations=0 (full 0):
 garbage-first heap   total 520192K, used 24576K [0x0000000604400000, 0x0000000800000000)
  region size 4096K, 6 young (24576K), 0 survivors (0K)
 Metaspace       used 4637K, committed 4800K, reserved 1056768K
  class space    used 480K, committed 576K, reserved 1048576K
}
Event: 1.099 GC heap after
{Heap after GC invocations=1 (full 0):
 garbage-first heap   total 520192K, used 2604K [0x0000000604400000, 0x0000000800000000)
  region size 4096K, 1 young (4096K), 1 survivors (4096K)
 Metaspace       used 4637K, committed 4800K, reserved 1056768K
  class space    used 480K, committed 576K, reserved 1048576K
}
Event: 1.778 GC heap before
{Heap before GC invocations=1 (full 0):
 garbage-first heap   total 520192K, used 51756K [0x0000000604400000, 0x0000000800000000)
  region size 4096K, 13 young (53248K), 1 survivors (4096K)
 Metaspace       used 15294K, committed 15552K, reserved 1064960K
  class space    used 2137K, committed 2304K, reserved 1048576K
}
Event: 1.783 GC heap after
{Heap after GC invocations=2 (full 0):
 garbage-first heap   total 520192K, used 8216K [0x0000000604400000, 0x0000000800000000)
  region size 4096K, 2 young (8192K), 2 survivors (8192K)
 Metaspace       used 15294K, committed 15552K, reserved 1064960K
  class space    used 2137K, committed 2304K, reserved 1048576K
}
Event: 5.803 GC heap before
{Heap before GC invocations=2 (full 0):
 garbage-first heap   total 520192K, used 315416K [0x0000000604400000, 0x0000000800000000)
  region size 4096K, 76 young (311296K), 2 survivors (8192K)
 Metaspace       used 19353K, committed 19648K, reserved 1073152K
  class space    used 2624K, committed 2752K, reserved 1048576K
}
Event: 5.810 GC heap after
{Heap after GC invocations=3 (full 0):
 garbage-first heap   total 520192K, used 19502K [0x0000000604400000, 0x0000000800000000)
  region size 4096K, 4 young (16384K), 4 survivors (16384K)
 Metaspace       used 19353K, committed 19648K, reserved 1073152K
  class space    used 2624K, committed 2752K, reserved 1048576K
}
Event: 5.855 GC heap before
{Heap before GC invocations=3 (full 0):
 garbage-first heap   total 520192K, used 314414K [0x0000000604400000, 0x0000000800000000)
  region size 4096K, 76 young (311296K), 4 survivors (16384K)
 Metaspace       used 19370K, committed 19648K, reserved 1073152K
  class space    used 2624K, committed 2752K, reserved 1048576K
}
Event: 5.862 GC heap after
{Heap after GC invocations=4 (full 0):
 garbage-first heap   total 520192K, used 17909K [0x0000000604400000, 0x0000000800000000)
  region size 4096K, 4 young (16384K), 4 survivors (16384K)
 Metaspace       used 19370K, committed 19648K, reserved 1073152K
  class space    used 2624K, committed 2752K, reserved 1048576K
}
Event: 5.893 GC heap before
{Heap before GC invocations=4 (full 0):
 garbage-first heap   total 520192K, used 312821K [0x0000000604400000, 0x0000000800000000)
  region size 4096K, 76 young (311296K), 4 survivors (16384K)
 Metaspace       used 19371K, committed 19648K, reserved 1073152K
  class space    used 2624K, committed 2752K, reserved 1048576K
}
Event: 5.898 GC heap after
{Heap after GC invocations=5 (full 0):
 garbage-first heap   total 520192K, used 18359K [0x0000000604400000, 0x0000000800000000)
  region size 4096K, 4 young (16384K), 4 survivors (16384K)
 Metaspace       used 19371K, committed 19648K, reserved 1073152K
  class space    used 2624K, committed 2752K, reserved 1048576K
}
Event: 139.083 GC heap before
{Heap before GC invocations=5 (full 0):
 garbage-first heap   total 520192K, used 313271K [0x0000000604400000, 0x0000000800000000)
  region size 4096K, 76 young (311296K), 4 survivors (16384K)
 Metaspace       used 19597K, committed 19840K, reserved 1073152K
  class space    used 2633K, committed 2752K, reserved 1048576K
}
Event: 139.091 GC heap after
{Heap after GC invocations=6 (full 0):
 garbage-first heap   total 520192K, used 19117K [0x0000000604400000, 0x0000000800000000)
  region size 4096K, 4 young (16384K), 4 survivors (16384K)
 Metaspace       used 19597K, committed 19840K, reserved 1073152K
  class space    used 2633K, committed 2752K, reserved 1048576K
}

